\BOOKMARK [1][-]{section.1}{\376\377\000P\000a\000r\000t\000y\000t\000u\000r\000a}{}% 1
\BOOKMARK [2][-]{subsection.1.1}{\376\377\000Z\000a\000l\000e\001\174\000n\000o\001\133\000c\000i}{section.1}% 2
\BOOKMARK [2][-]{subsection.1.2}{\376\377\000P\000o\000l\000a}{section.1}% 3
\BOOKMARK [2][-]{subsection.1.3}{\376\377\000M\000e\000t\000o\000d\000y}{section.1}% 4
\BOOKMARK [1][-]{section.2}{\376\377\000T\000o\000n\000a\000c\000j\000a}{}% 5
\BOOKMARK [2][-]{subsection.2.1}{\376\377\000Z\000a\000l\000e\001\174\000n\000o\001\133\000c\000i}{section.2}% 6
\BOOKMARK [2][-]{subsection.2.2}{\376\377\000P\000o\000l\000a}{section.2}% 7
\BOOKMARK [2][-]{subsection.2.3}{\376\377\000M\000e\000t\000o\000d\000y}{section.2}% 8
\BOOKMARK [1][-]{section.3}{\376\377\000A\000k\000o\000r\000d}{}% 9
\BOOKMARK [2][-]{subsection.3.1}{\376\377\000Z\000a\000l\000e\001\174\000n\000o\001\133\000c\000i}{section.3}% 10
\BOOKMARK [2][-]{subsection.3.2}{\376\377\000P\000o\000l\000a}{section.3}% 11
\BOOKMARK [2][-]{subsection.3.3}{\376\377\000M\000e\000t\000o\000d\000y}{section.3}% 12
\BOOKMARK [1][-]{section.4}{\376\377\000D\001\172\000w\000i\001\031\000k}{}% 13
\BOOKMARK [2][-]{subsection.4.1}{\376\377\000Z\000a\000l\000e\001\174\000n\000o\001\133\000c\000i}{section.4}% 14
\BOOKMARK [2][-]{subsection.4.2}{\376\377\000P\000o\000l\000a}{section.4}% 15
\BOOKMARK [2][-]{subsection.4.3}{\376\377\000M\000e\000t\000o\000d\000y}{section.4}% 16
\BOOKMARK [1][-]{section.5}{\376\377\000T\000y\000p\000y\000\040\000w\000y\000l\000i\000c\000z\000e\000n\000i\000o\000w\000e\000\040\000w\000y\000k\000o\000r\000z\000y\000s\000t\000a\000n\000e\000\040\000w\000\040\000b\000i\000b\000l\000i\000o\000t\000e\000c\000e}{}% 17
\BOOKMARK [2][-]{subsection.5.1}{\376\377\000`\000N\000a\000z\000w\000y\000D\000z\000w\000i\000e\000k\000o\000w\000'}{section.5}% 18
\BOOKMARK [2][-]{subsection.5.2}{\376\377\000`\000W\000a\000r\000t\000o\000s\000c\000i\000N\000u\000t\000'}{section.5}% 19
\BOOKMARK [2][-]{subsection.5.3}{\376\377\000`\000M\000e\000t\000r\000u\000m\000'}{section.5}% 20
\BOOKMARK [2][-]{subsection.5.4}{\376\377\000`\000F\000u\000n\000k\000c\000j\000e\000'}{section.5}% 21
\BOOKMARK [2][-]{subsection.5.5}{\376\377\000`\000P\000r\000z\000e\000w\000r\000o\000t\000y\000'}{section.5}% 22
\BOOKMARK [2][-]{subsection.5.6}{\376\377\000`\000Z\000d\000w\000o\000j\000o\000n\000y\000S\000k\000l\000a\000d\000n\000i\000k\000'}{section.5}% 23
\BOOKMARK [2][-]{subsection.5.7}{\376\377\000`\000B\000e\000z\000w\000z\000g\000l\000e\000d\000n\000e\000K\000o\000d\000y\000D\000z\000w\000i\000e\000k\000o\000w\000'}{section.5}% 24
\BOOKMARK [2][-]{subsection.5.8}{\376\377\000`\000D\000z\000w\000i\000e\000k\000i\000W\000S\000k\000a\000l\000a\000c\000h\000'}{section.5}% 25
\BOOKMARK [2][-]{subsection.5.9}{\376\377\000`\000K\000r\000z\000y\000z\000o\000w\000a\000n\000i\000a\000G\000l\000o\000s\000o\000w\000'}{section.5}% 26
\BOOKMARK [2][-]{subsection.5.10}{\376\377\000`\000N\000i\000e\000p\000o\000p\000r\000a\000w\000n\000e\000S\000t\000o\000p\000n\000i\000e\000'}{section.5}% 27
\BOOKMARK [1][-]{section.6}{\376\377\000O\000b\000s\001\102\000u\000g\000a\000\040\000p\000l\000i\000k\000\363\000w\000\040\000w\000e\000j\001\133\000c\000i\000o\000w\000y\000c\000h}{}% 28
\BOOKMARK [2][-]{subsection.6.1}{\376\377\000F\000o\000r\000m\000a\000t\000\040\000p\000l\000i\000k\000\363\000w\000\040\000w\000e\000j\001\133\000c\000i\000o\000w\000y\000c\000h}{section.6}% 29
\BOOKMARK [2][-]{subsection.6.2}{\376\377\000O\000b\000s\001\102\000u\000g\000a\000\040\000w\000c\000z\000y\000t\000y\000w\000a\000n\000i\000a\000\040\000p\000l\000i\000k\000\363\000w}{section.6}% 30
\BOOKMARK [2][-]{subsection.6.3}{\376\377\000M\000o\001\174\000l\000i\000w\000e\000\040\000w\000y\000j\001\005\000t\000k\000i}{section.6}% 31
\BOOKMARK [1][-]{section.7}{\376\377\000R\000o\000z\000p\000o\000z\000n\000a\000w\000a\000n\000e\000\040\000b\001\102\001\031\000d\000y\000:\000\040\000p\000o\000j\000e\000d\000y\000n\000c\000z\000e\000\040\000d\001\172\000w\000i\001\031\000k\000i\000\040\000i\000\040\000d\001\172\000w\000i\001\031\000k\000i\000\040\000j\000a\000k\000o\000\040\000s\000k\001\102\000a\000d\000n\000i\000k\000i\000\040\000a\000k\000o\000r\000d\000\363\000w}{}% 32
\BOOKMARK [2][-]{subsection.7.1}{\376\377\000C\000z\000y\000\040\000p\000o\000d\000a\000n\000e\000\040\000d\001\172\000w\000i\001\031\000k\000i\000\040\000z\000a\000w\000i\000e\000r\000a\000j\001\005\000\040\000s\000i\001\031\000\040\000w\000\040\000s\000k\000a\000l\000a\000c\000h\000\040\000d\000l\000a\000\040\000k\000o\000n\000k\000r\000e\000t\000n\000y\000c\000h\000\040\000g\001\102\000o\000s\000\363\000w\000?}{section.7}% 33
\BOOKMARK [3][-]{subsubsection.7.1.1}{\376\377\000W\000a\000r\000u\000n\000k\000i\000\040\000w\000s\000t\001\031\000p\000n\000e}{subsection.7.1}% 34
\BOOKMARK [3][-]{subsubsection.7.1.2}{\376\377\000D\000o\000k\001\102\000a\000d\000n\000e\000\040\000i\000n\000f\000o\000r\000m\000a\000c\000j\000e\000\040\000o\000\040\000t\000e\001\133\000c\000i\000e}{subsection.7.1}% 35
\BOOKMARK [3][-]{subsubsection.7.1.3}{\376\377\000I\000n\000f\000o\000r\000m\000a\000c\000j\000e\000\040\000w\000y\000j\001\133\000c\000i\000o\000w\000e}{subsection.7.1}% 36
\BOOKMARK [2][-]{subsection.7.2}{\376\377\000C\000z\000y\000\040\000g\001\102\000o\000s\000y\000\040\000s\000i\001\031\000\040\000n\000i\000e\000\040\000k\000r\000z\000y\001\174\000u\000j\001\005\000?}{section.7}% 37
\BOOKMARK [3][-]{subsubsection.7.2.1}{\376\377\000W\000a\000r\000u\000n\000k\000i\000\040\000w\000s\000t\001\031\000p\000n\000e}{subsection.7.2}% 38
\BOOKMARK [3][-]{subsubsection.7.2.2}{\376\377\000D\000o\000k\001\102\000a\000d\000n\000e\000\040\000i\000n\000f\000o\000r\000m\000a\000c\000j\000e\000\040\000o\000\040\000t\000e\001\133\000c\000i\000e}{subsection.7.2}% 39
\BOOKMARK [3][-]{subsubsection.7.2.3}{\376\377\000I\000n\000f\000o\000r\000m\000a\000c\000j\000e\000\040\000w\000y\000j\001\133\000c\000i\000o\000w\000e}{subsection.7.2}% 40
\BOOKMARK [2][-]{subsection.7.3}{\376\377\000C\000z\000y\000\040\000p\000o\000d\000a\000n\000e\000\040\000d\001\172\000w\000i\001\031\000k\000i\000\040\000s\001\005\000\040\000s\000t\000o\000p\000n\000i\000a\000m\000i\000\040\000w\000\040\000p\000o\000d\000a\000n\000e\000j\000\040\000t\000o\000n\000a\000c\000j\000i\000?}{section.7}% 41
\BOOKMARK [3][-]{subsubsection.7.3.1}{\376\377\000W\000a\000r\000u\000n\000k\000i\000\040\000w\000s\000t\001\031\000p\000n\000e}{subsection.7.3}% 42
\BOOKMARK [3][-]{subsubsection.7.3.2}{\376\377\000D\000o\000k\001\102\000a\000d\000n\000e\000\040\000i\000n\000f\000o\000r\000m\000a\000c\000j\000e\000\040\000o\000\040\000t\000e\001\133\000c\000i\000e}{subsection.7.3}% 43
\BOOKMARK [3][-]{subsubsection.7.3.3}{\376\377\000I\000n\000f\000o\000r\000m\000a\000c\000j\000e\000\040\000w\000y\000j\001\133\000c\000i\000o\000w\000e}{subsection.7.3}% 44
\BOOKMARK [1][-]{section.8}{\376\377\000R\000o\000z\000p\000o\000z\000n\000a\000w\000a\000n\000e\000\040\000b\001\102\001\031\000d\000y\000:\000\040\000p\000o\000p\000r\000a\000w\000n\000o\001\133\001\007\000\040\000a\000k\000o\000r\000d\000\363\000w}{}% 45
\BOOKMARK [2][-]{subsection.8.1}{\376\377\000C\000z\000y\000\040\000p\000o\000d\000a\000n\000e\000\040\000s\000k\001\102\000a\000d\000n\000i\000k\000i\000\040\000s\000t\000a\000n\000o\000w\000i\001\005\000\040\000p\000o\000p\000r\000a\000w\000n\001\005\000\040\000f\000u\000n\000k\000c\000j\001\031\000?}{section.8}% 46
\BOOKMARK [3][-]{subsubsection.8.1.1}{\376\377\000W\000a\000r\000u\000n\000k\000i\000\040\000w\000s\000t\001\031\000p\000n\000e}{subsection.8.1}% 47
\BOOKMARK [3][-]{subsubsection.8.1.2}{\376\377\000D\000o\000k\001\102\000a\000d\000n\000e\000\040\000i\000n\000f\000o\000r\000m\000a\000c\000j\000e\000\040\000o\000\040\000t\000e\001\133\000c\000i\000e}{subsection.8.1}% 48
\BOOKMARK [3][-]{subsubsection.8.1.3}{\376\377\000I\000n\000f\000o\000r\000m\000a\000c\000j\000e\000\040\000w\000y\000j\001\133\000c\000i\000o\000w\000e}{subsection.8.1}% 49
\BOOKMARK [2][-]{subsection.8.2}{\376\377\000C\000z\000y\000\040\000d\000w\000o\000j\000e\000n\000i\000a\000\040\000w\000\040\000a\000k\000o\000r\000d\000a\000c\000h\000\040\000s\001\005\000\040\000p\000o\000p\000r\000a\000w\000n\000e\000?}{section.8}% 50
\BOOKMARK [3][-]{subsubsection.8.2.1}{\376\377\000W\000a\000r\000u\000n\000k\000i\000\040\000w\000s\000t\001\031\000p\000n\000e}{subsection.8.2}% 51
\BOOKMARK [3][-]{subsubsection.8.2.2}{\376\377\000D\000o\000k\001\102\000a\000d\000n\000e\000\040\000i\000n\000f\000o\000r\000m\000a\000c\000j\000e\000\040\000o\000\040\000t\000e\001\133\000c\000i\000e}{subsection.8.2}% 52
\BOOKMARK [3][-]{subsubsection.8.2.3}{\376\377\000I\000n\000f\000o\000r\000m\000a\000c\000j\000e\000\040\000w\000y\000j\001\133\000c\000i\000o\000w\000e}{subsection.8.2}% 53
\BOOKMARK [1][-]{section.9}{\376\377\000R\000o\000z\000p\000o\000z\000n\000a\000w\000a\000n\000e\000\040\000b\001\102\001\031\000d\000y\000:\000\040\000u\000m\000i\000e\000j\000s\000c\000o\000w\000i\000e\000n\000i\000e\000\040\000a\000k\000o\000r\000d\000\363\000w\000\040\000w\000\040\000p\000a\000r\000t\000y\000t\000u\000r\000z\000e}{}% 54
\BOOKMARK [2][-]{subsection.9.1}{\376\377\000C\000z\000y\000\040\000t\000a\000k\000t\000y\000\040\000m\000a\000j\001\005\000\040\000p\000o\000p\000r\000a\000w\000n\000e\000\040\000d\001\102\000u\000g\000o\001\133\000c\000i\000?}{section.9}% 55
\BOOKMARK [3][-]{subsubsection.9.1.1}{\376\377\000W\000a\000r\000u\000n\000k\000i\000\040\000w\000s\000t\001\031\000p\000n\000e}{subsection.9.1}% 56
\BOOKMARK [3][-]{subsubsection.9.1.2}{\376\377\000D\000o\000k\001\102\000a\000d\000n\000e\000\040\000i\000n\000f\000o\000r\000m\000a\000c\000j\000e\000\040\000o\000\040\000t\000e\001\133\000c\000i\000e}{subsection.9.1}% 57
\BOOKMARK [3][-]{subsubsection.9.1.3}{\376\377\000I\000n\000f\000o\000r\000m\000a\000c\000j\000e\000\040\000w\000y\000j\001\133\000c\000i\000o\000w\000e}{subsection.9.1}% 58
\BOOKMARK [2][-]{subsection.9.2}{\376\377\000C\000z\000y\000\040\000f\000u\000n\000k\000c\000j\000e\000\040\000z\000n\000a\000j\000d\000u\000j\001\005\000\040\000s\000i\001\031\000\040\000n\000a\000\040\000p\000o\000p\000r\000a\000w\000n\000y\000c\000h\000\040\000m\000i\000e\000j\000s\000c\000a\000c\000h\000\040\000w\000z\000g\000l\001\031\000d\000e\000m\000\040\000i\000n\000n\000y\000c\000h\000\040\000f\000u\000n\000k\000c\000j\000i\000?}{section.9}% 59
\BOOKMARK [3][-]{subsubsection.9.2.1}{\376\377\000W\000a\000r\000u\000n\000k\000i\000\040\000w\000s\000t\001\031\000p\000n\000e}{subsection.9.2}% 60
\BOOKMARK [3][-]{subsubsection.9.2.2}{\376\377\000D\000o\000k\001\102\000a\000d\000n\000e\000\040\000i\000n\000f\000o\000r\000m\000a\000c\000j\000e\000\040\000o\000\040\000t\000e\001\133\000c\000i\000e}{subsection.9.2}% 61
\BOOKMARK [3][-]{subsubsection.9.2.3}{\376\377\000I\000n\000f\000o\000r\000m\000a\000c\000j\000e\000\040\000w\000y\000j\001\133\000c\000i\000o\000w\000e}{subsection.9.2}% 62
\BOOKMARK [2][-]{subsection.9.3}{\376\377\000C\000z\000y\000\040\000f\000u\000n\000k\000c\000j\000e\000\040\000z\000n\000a\000j\000d\000u\000j\001\005\000\040\000s\000i\001\031\000\040\000n\000a\000\040\000p\000o\000p\000r\000a\000w\000n\000y\000c\000h\000\040\000m\000i\000e\000j\000s\000c\000a\000c\000h\000\040\000w\000z\000g\000l\001\031\000d\000e\000m\000\040\000p\000o\000d\000a\000n\000e\000g\000o\000\040\000m\000e\000t\000r\000u\000m\000?}{section.9}% 63
\BOOKMARK [3][-]{subsubsection.9.3.1}{\376\377\000W\000a\000r\000u\000n\000k\000i\000\040\000w\000s\000t\001\031\000p\000n\000e}{subsection.9.3}% 64
\BOOKMARK [3][-]{subsubsection.9.3.2}{\376\377\000D\000o\000k\001\102\000a\000d\000n\000e\000\040\000i\000n\000f\000o\000r\000m\000a\000c\000j\000e\000\040\000o\000\040\000t\000e\001\133\000c\000i\000e}{subsection.9.3}% 65
\BOOKMARK [3][-]{subsubsection.9.3.3}{\376\377\000I\000n\000f\000o\000r\000m\000a\000c\000j\000e\000\040\000w\000y\000j\001\133\000c\000i\000o\000w\000e}{subsection.9.3}% 66
\BOOKMARK [1][-]{section.10}{\376\377\000R\000o\000z\000p\000o\000z\000n\000a\000w\000a\000n\000e\000\040\000b\001\102\001\031\000d\000y\000:\000\040\000p\000o\000p\000r\000a\000w\000n\000o\001\133\001\007\000\040\000p\000o\001\102\001\005\000c\000z\000e\001\104\000\040\000a\000k\000o\000r\000d\000\363\000w}{}% 67
\BOOKMARK [2][-]{subsection.10.1}{\376\377\000C\000z\000y\000\040\000t\000a\000k\000t\000y\000\040\000m\000a\000j\001\005\000\040\000p\000o\000p\000r\000a\000w\000n\000e\000\040\000d\001\102\000u\000g\000o\001\133\000c\000i\000?}{section.10}% 68
\BOOKMARK [3][-]{subsubsection.10.1.1}{\376\377\000W\000a\000r\000u\000n\000k\000i\000\040\000w\000s\000t\001\031\000p\000n\000e}{subsection.10.1}% 69
\BOOKMARK [3][-]{subsubsection.10.1.2}{\376\377\000D\000o\000k\001\102\000a\000d\000n\000e\000\040\000i\000n\000f\000o\000r\000m\000a\000c\000j\000e\000\040\000o\000\040\000t\000e\001\133\000c\000i\000e}{subsection.10.1}% 70
\BOOKMARK [3][-]{subsubsection.10.1.3}{\376\377\000I\000n\000f\000o\000r\000m\000a\000c\000j\000e\000\040\000w\000y\000j\001\133\000c\000i\000o\000w\000e}{subsection.10.1}% 71
